Active-HDL 12.0.118.7745 2023-01-05 01:33:53

Elaboration top modules:
Architecture                  behavior(tb_moore_mealy)


--------------------------------------------------------------------------------------------------
Entity         | Architecture | Library  | Info | Compiler Version          | Compilation Options
--------------------------------------------------------------------------------------------------
tb_moore_mealy | behavior     | detector |      | 12.0.118.7745 (Windows64) | -O3
mealy_detector | Behavioral   | detector |      | 12.0.118.7745 (Windows64) | -O3
--------------------------------------------------------------------------------------------------

--------------------------------------------------------------------------------------------------
VHDL Package                  | Library  | Info | Compiler Version          | Compilation Options
--------------------------------------------------------------------------------------------------
standard                      | std      |      |                           | <unavailable>
TEXTIO                        | std      |      |                           | <unavailable>
std_logic_1164                | ieee     |      |                           | <unavailable>
--------------------------------------------------------------------------------------------------

--------------------------------------------------------------------------------------------------
Library                       | Comment
--------------------------------------------------------------------------------------------------
detector                      | None
ieee                          | Standard IEEE packages library
std                           | Standard VHDL library
--------------------------------------------------------------------------------------------------
